<?xml version="1.0" encoding="UTF-8"?>
<testng-results ignored="0" total="1" passed="1" failed="0" skipped="0">
  <reporter-output>
  </reporter-output>
  <suite started-at="2024-03-06T13:33:12 IST" name="FREE CRM Application Test Automation Test Suite" finished-at="2024-03-06T13:33:15 IST" duration-ms="3050">
    <groups>
    </groups>
    <test started-at="2024-03-06T13:33:12 IST" name="Free CRM App Test Cases" finished-at="2024-03-06T13:33:15 IST" duration-ms="3050">
      <class name="com.crm.qa.testcases.CheckoutTest">
        <test-method is-config="true" signature="setUp()[pri:0, instance:com.crm.qa.testcases.CheckoutTest@59662a0b]" started-at="2024-03-06T13:33:12 IST" name="setUp" finished-at="2024-03-06T13:33:14 IST" duration-ms="2029" status="PASS">
          <reporter-output>
          </reporter-output>
        </test-method> <!-- setUp -->
        <test-method signature="AddToCartTest1()[pri:0, instance:com.crm.qa.testcases.CheckoutTest@59662a0b]" started-at="2024-03-06T13:33:14 IST" name="AddToCartTest1" finished-at="2024-03-06T13:33:15 IST" duration-ms="977" status="PASS">
          <reporter-output>
          </reporter-output>
        </test-method> <!-- AddToCartTest1 -->
      </class> <!-- com.crm.qa.testcases.CheckoutTest -->
    </test> <!-- Free CRM App Test Cases -->
  </suite> <!-- FREE CRM Application Test Automation Test Suite -->
</testng-results>
